<?xml version="1.0" encoding="UTF-8"?>
<!-- Generated by org.testng.reporters.JUnitReportReporter -->
<testsuite hostname="RichaHome" name="MainQaOnAir.FreeLancer_check_inbox" tests="1" failures="0" timestamp="28 Jul 2017 06:57:23 GMT" time="31.317" errors="0">
  <testcase name="findProjects" time="31.317" classname="MainQaOnAir.FreeLancer_check_inbox"/>
</testsuite> <!-- MainQaOnAir.FreeLancer_check_inbox -->
