<?xml version="1.0" encoding="UTF-8"?>
<!-- Generated by org.testng.reporters.JUnitReportReporter -->
<testsuite hostname="RichaHome" name="qaonair.App" tests="1" failures="0" timestamp="24 Jul 2017 15:41:52 GMT" time="26.096" errors="0">
  <testcase name="freelSignUp" time="26.096" classname="qaonair.App"/>
</testsuite> <!-- qaonair.App -->
