<?xml version="1.0" encoding="UTF-8"?>
<!-- Generated by org.testng.reporters.JUnitReportReporter -->
<testsuite hostname="RichaHome" name="practiceDDF" tests="2" failures="0" timestamp="18 Aug 2017 16:53:17 GMT" time="48.441" errors="0">
  <testcase name="loginDataSet" time="25.786" classname="practiceDDF"/>
  <testcase name="loginDataSet" time="22.655" classname="practiceDDF"/>
</testsuite> <!-- practiceDDF -->
