<?xml version="1.0" encoding="UTF-8"?>
<!-- Generated by org.testng.reporters.JUnitReportReporter -->
<testsuite hostname="RichaHome" name="MainQaOnAir.FreelUpdateProfile" tests="1" failures="0" timestamp="1 Aug 2017 19:00:16 GMT" time="1.349" errors="0">
  <testcase name="updateProfile" time="1.349" classname="MainQaOnAir.FreelUpdateProfile"/>
</testsuite> <!-- MainQaOnAir.FreelUpdateProfile -->
