<?xml version="1.0" encoding="UTF-8"?>
<!-- Generated by org.testng.reporters.JUnitReportReporter -->
<testsuite hostname="RichaHome" name="qaonair.FreeLSignUp" tests="1" failures="0" timestamp="25 Jul 2017 16:56:18 GMT" time="65.143" errors="0">
  <testcase name="freelSignUp" time="65.143" classname="qaonair.FreeLSignUp"/>
</testsuite> <!-- qaonair.FreeLSignUp -->
