<?xml version="1.0" encoding="UTF-8"?>
<!-- Generated by org.testng.reporters.JUnitReportReporter -->
<testsuite hostname="RichaHome" name="com.itelearn.dataProviders.dataSetsTest" tests="2" failures="0" timestamp="18 Aug 2017 17:04:19 GMT" time="52.853" errors="0">
  <testcase name="loginDataSet" time="23.905" classname="com.itelearn.dataProviders.dataSetsTest"/>
  <testcase name="loginDataSet" time="28.948" classname="com.itelearn.dataProviders.dataSetsTest"/>
</testsuite> <!-- com.itelearn.dataProviders.dataSetsTest -->
