<?xml version="1.0" encoding="UTF-8"?>
<!-- Generated by org.testng.reporters.JUnitReportReporter -->
<testsuite name="com.itelearn.dataProviders.dataSets" tests="2" time="55.802" ignored="0" failures="0" timestamp="12 Aug 2017 06:44:51 GMT" skipped="0" hostname="RichaHome" errors="0">
  <testcase name="loginDataSet" time="31.458" classname="com.itelearn.dataProviders.dataSets"/>
  <testcase name="loginDataSet" time="24.344" classname="com.itelearn.dataProviders.dataSets"/>
</testsuite> <!-- com.itelearn.dataProviders.dataSets -->
