<?xml version="1.0" encoding="UTF-8"?>
<!-- Generated by org.testng.reporters.JUnitReportReporter -->
<testsuite hostname="RichaHome" name="com.itelearn.main.BaseClass" tests="1" failures="0" timestamp="2 Aug 2017 06:00:21 GMT" time="90.800" errors="0">
  <testcase name="freelInbox" time="90.800" classname="com.itelearn.main.BaseClass"/>
</testsuite> <!-- com.itelearn.main.BaseClass -->
