<?xml version="1.0" encoding="UTF-8"?>
<!-- Generated by org.testng.reporters.JUnitReportReporter -->
<testsuite hostname="RichaHome" name="qaonair.AppNew" tests="1" failures="0" timestamp="24 Jul 2017 23:10:19 GMT" time="1.093" errors="0">
  <testcase name="freelSignUp" time="1.093" classname="qaonair.AppNew"/>
</testsuite> <!-- qaonair.AppNew -->
