<?xml version="1.0" encoding="UTF-8"?>
<!-- Generated by org.testng.reporters.JUnitReportReporter -->
<testsuite hostname="RichaHome" name="MainQaOnAir.AppNew" tests="1" failures="0" timestamp="28 Jul 2017 02:25:59 GMT" time="73.933" errors="0">
  <testcase name="freelSignUp" time="73.933" classname="MainQaOnAir.AppNew"/>
</testsuite> <!-- MainQaOnAir.AppNew -->
