<?xml version="1.0" encoding="UTF-8"?>
<!-- Generated by org.testng.reporters.JUnitReportReporter -->
<testsuite hostname="RichaHome" name="MainQaOnAir.FreelProjectsNoLogin" tests="1" failures="0" timestamp="28 Jul 2017 17:04:29 GMT" time="27.163" errors="0">
  <testcase name="findProjects" time="27.163" classname="MainQaOnAir.FreelProjectsNoLogin"/>
</testsuite> <!-- MainQaOnAir.FreelProjectsNoLogin -->
