<?xml version="1.0" encoding="UTF-8"?>
<!-- Generated by org.testng.reporters.JUnitReportReporter -->
<testsuite hostname="RichaHome" name="MainQaOnAir.FSignUp" tests="1" failures="0" timestamp="28 Jul 2017 17:00:04 GMT" time="46.188" errors="0">
  <testcase name="freelSignUp" time="46.188" classname="MainQaOnAir.FSignUp"/>
</testsuite> <!-- MainQaOnAir.FSignUp -->
