<?xml version="1.0" encoding="UTF-8"?>
<!-- Generated by org.testng.reporters.JUnitReportReporter -->
<testsuite hostname="RichaHome" name="MainQaOnAir.FInboxTest" tests="1" failures="0" timestamp="2 Aug 2017 01:42:07 GMT" time="31.504" errors="0">
  <testcase name="freelInbox" time="31.504" classname="MainQaOnAir.FInboxTest"/>
</testsuite> <!-- MainQaOnAir.FInboxTest -->
