<?xml version="1.0" encoding="UTF-8"?>
<!-- Generated by org.testng.reporters.JUnitReportReporter -->
<testsuite hostname="RichaHome" name="MainQaOnAir.FInbox" tests="1" failures="0" timestamp="28 Jul 2017 17:21:05 GMT" time="33.015" errors="0">
  <testcase name="findProjects" time="33.015" classname="MainQaOnAir.FInbox"/>
</testsuite> <!-- MainQaOnAir.FInbox -->
